[    29.030] (WW) Failed to open protocol names file lib/xorg/protocol.txt
[    29.030] 
X.Org X Server 1.20.3
X Protocol Version 11, Revision 0
[    29.030] Build Operating System: Linux Arch Linux
[    29.030] Current Operating System: Linux bacon 4.20.6-arch1-1-ARCH #1 SMP PREEMPT Thu Jan 31 08:22:01 UTC 2019 x86_64
[    29.030] Kernel command line: BOOT_IMAGE=/boot/vmlinuz-linux root=/dev/sda3
[    29.030] Build Date: 25 October 2018  04:42:32PM
[    29.031]  
[    29.031] Current version of pixman: 0.36.0
[    29.031] 	Before reporting problems, check http://wiki.x.org
	to make sure that you have the latest version.
[    29.031] Markers: (--) probed, (**) from config file, (==) default setting,
	(++) from command line, (!!) notice, (II) informational,
	(WW) warning, (EE) error, (NI) not implemented, (??) unknown.
[    29.031] (==) Log file: "/home/victor/.local/share/xorg/Xorg.0.log", Time: Fri Feb 22 20:18:12 2019
[    29.036] (==) Using config directory: "/etc/X11/xorg.conf.d"
[    29.036] (==) Using system config directory "/usr/share/X11/xorg.conf.d"
[    29.039] (==) No Layout section.  Using the first Screen section.
[    29.039] (==) No screen section available. Using defaults.
[    29.039] (**) |-->Screen "Default Screen Section" (0)
[    29.039] (**) |   |-->Monitor "<default monitor>"
[    29.040] (==) No monitor specified for screen "Default Screen Section".
	Using a default monitor configuration.
[    29.040] (==) Automatically adding devices
[    29.040] (==) Automatically enabling devices
[    29.040] (==) Automatically adding GPU devices
[    29.040] (==) Automatically binding GPU devices
[    29.040] (==) Max clients allowed: 256, resource mask: 0x1fffff
[    29.044] (WW) The directory "/usr/share/fonts/OTF" does not exist.
[    29.044] 	Entry deleted from font path.
[    29.044] (WW) The directory "/usr/share/fonts/Type1" does not exist.
[    29.045] 	Entry deleted from font path.
[    29.046] (==) FontPath set to:
	/usr/share/fonts/misc,
	/usr/share/fonts/TTF,
	/usr/share/fonts/100dpi,
	/usr/share/fonts/75dpi
[    29.046] (==) ModulePath set to "/usr/lib/xorg/modules"
[    29.046] (II) The server relies on udev to provide the list of input devices.
	If no devices become available, reconfigure udev or disable AutoAddDevices.
[    29.046] (II) Module ABI versions:
[    29.046] 	X.Org ANSI C Emulation: 0.4
[    29.046] 	X.Org Video Driver: 24.0
[    29.046] 	X.Org XInput driver : 24.1
[    29.046] 	X.Org Server Extension : 10.0
[    29.047] (++) using VT number 1

[    29.049] (II) systemd-logind: took control of session /org/freedesktop/login1/session/_33
[    29.050] (II) xfree86: Adding drm device (/dev/dri/card0)
[    29.051] (II) systemd-logind: got fd for /dev/dri/card0 226:0 fd 10 paused 0
[    29.054] (--) PCI:*(0@0:2:0) 8086:1916:1028:06dc rev 7, Mem @ 0xe0000000/16777216, 0xd0000000/268435456, I/O @ 0x0000f000/64, BIOS @ 0x????????/131072
[    29.054] (WW) Open ACPI failed (/var/run/acpid.socket) (No such file or directory)
[    29.054] (II) LoadModule: "glx"
[    29.056] (II) Loading /usr/lib/xorg/modules/extensions/libglx.so
[    29.069] (II) Module glx: vendor="X.Org Foundation"
[    29.069] 	compiled for 1.20.3, module version = 1.0.0
[    29.069] 	ABI class: X.Org Server Extension, version 10.0
[    29.069] (==) Matched intel as autoconfigured driver 0
[    29.069] (==) Matched modesetting as autoconfigured driver 1
[    29.069] (==) Matched fbdev as autoconfigured driver 2
[    29.069] (==) Matched vesa as autoconfigured driver 3
[    29.069] (==) Assigned the driver to the xf86ConfigLayout
[    29.069] (II) LoadModule: "intel"
[    29.070] (WW) Warning, couldn't open module intel
[    29.070] (EE) Failed to load module "intel" (module does not exist, 0)
[    29.070] (II) LoadModule: "modesetting"
[    29.070] (II) Loading /usr/lib/xorg/modules/drivers/modesetting_drv.so
[    29.075] (II) Module modesetting: vendor="X.Org Foundation"
[    29.075] 	compiled for 1.20.3, module version = 1.20.3
[    29.075] 	Module class: X.Org Video Driver
[    29.075] 	ABI class: X.Org Video Driver, version 24.0
[    29.075] (II) LoadModule: "fbdev"
[    29.075] (WW) Warning, couldn't open module fbdev
[    29.075] (EE) Failed to load module "fbdev" (module does not exist, 0)
[    29.075] (II) LoadModule: "vesa"
[    29.075] (II) Loading /usr/lib/xorg/modules/drivers/vesa_drv.so
[    29.076] (II) Module vesa: vendor="X.Org Foundation"
[    29.076] 	compiled for 1.20.0, module version = 2.4.0
[    29.076] 	Module class: X.Org Video Driver
[    29.076] 	ABI class: X.Org Video Driver, version 24.0
[    29.076] (II) modesetting: Driver for Modesetting Kernel Drivers: kms
[    29.076] (II) VESA: driver for VESA chipsets: vesa
[    29.076] xf86EnableIOPorts: failed to set IOPL for I/O (Operation not permitted)
[    29.076] (II) modeset(0): using drv /dev/dri/card0
[    29.076] (WW) VGA arbiter: cannot open kernel arbiter, no multi-card support
[    29.076] (II) modeset(0): Creating default Display subsection in Screen section
	"Default Screen Section" for depth/fbbpp 24/32
[    29.076] (==) modeset(0): Depth 24, (==) framebuffer bpp 32
[    29.076] (==) modeset(0): RGB weight 888
[    29.076] (==) modeset(0): Default visual is TrueColor
[    29.076] (II) Loading sub module "glamoregl"
[    29.077] (II) LoadModule: "glamoregl"
[    29.077] (II) Loading /usr/lib/xorg/modules/libglamoregl.so
[    29.089] (II) Module glamoregl: vendor="X.Org Foundation"
[    29.089] 	compiled for 1.20.3, module version = 1.0.1
[    29.089] 	ABI class: X.Org ANSI C Emulation, version 0.4
[    29.177] (II) modeset(0): glamor X acceleration enabled on Mesa DRI Intel(R) HD Graphics 520 (Skylake GT2) 
[    29.177] (II) modeset(0): glamor initialized
[    29.178] (II) modeset(0): Output eDP-1 has no monitor section
[    29.183] (II) modeset(0): Output HDMI-1 has no monitor section
[    29.183] (II) modeset(0): Output DP-1 has no monitor section
[    29.188] (II) modeset(0): Output HDMI-2 has no monitor section
[    29.190] (II) modeset(0): EDID for output eDP-1
[    29.190] (II) modeset(0): Manufacturer: CMN  Model: 1490  Serial#: 0
[    29.190] (II) modeset(0): Year: 2014  Week: 33
[    29.190] (II) modeset(0): EDID Version: 1.4
[    29.190] (II) modeset(0): Digital Display Input
[    29.190] (II) modeset(0): 6 bits per channel
[    29.190] (II) modeset(0): Digital interface is DisplayPort
[    29.190] (II) modeset(0): Max Image Size [cm]: horiz.: 31  vert.: 17
[    29.190] (II) modeset(0): Gamma: 2.20
[    29.190] (II) modeset(0): No DPMS capabilities specified
[    29.190] (II) modeset(0): Supported color encodings: RGB 4:4:4 
[    29.190] (II) modeset(0): First detailed timing is preferred mode
[    29.190] (II) modeset(0): Preferred mode is native pixel format and refresh rate
[    29.190] (II) modeset(0): redX: 0.575 redY: 0.335   greenX: 0.327 greenY: 0.580
[    29.190] (II) modeset(0): blueX: 0.157 blueY: 0.137   whiteX: 0.313 whiteY: 0.329
[    29.190] (II) modeset(0): Manufacturer's mask: 0
[    29.190] (II) modeset(0): Supported detailed timing:
[    29.190] (II) modeset(0): clock: 76.4 MHz   Image Size:  309 x 173 mm
[    29.190] (II) modeset(0): h_active: 1366  h_sync: 1434  h_sync_end 1479 h_blank_end 1592 h_border: 0
[    29.190] (II) modeset(0): v_active: 768  v_sync: 772  v_sync_end 779 v_blanking: 800 v_border: 0
[    29.190] (II) modeset(0): Supported detailed timing:
[    29.190] (II) modeset(0): clock: 59.2 MHz   Image Size:  309 x 173 mm
[    29.190] (II) modeset(0): h_active: 1366  h_sync: 1368  h_sync_end 1403 h_blank_end 1550 h_border: 0
[    29.190] (II) modeset(0): v_active: 768  v_sync: 772  v_sync_end 778 v_blanking: 795 v_border: 0
[    29.190] (II) modeset(0):  6761Y€140BGE
[    29.190] (II) modeset(0): Unknown vendor-specific block 0
[    29.190] (II) modeset(0): EDID (in hex):
[    29.190] (II) modeset(0): 	00ffffffffffff000dae901400000000
[    29.190] (II) modeset(0): 	21180104951f1178027e459355539428
[    29.190] (II) modeset(0): 	23505400000001010101010101010101
[    29.190] (II) modeset(0): 	010101010101da1d56e250002030442d
[    29.190] (II) modeset(0): 	470035ad1000001a1c1756b850001b30
[    29.190] (II) modeset(0): 	0223460035ad1000001a000000fe0036
[    29.190] (II) modeset(0): 	37363159803134304247450a00000000
[    29.190] (II) modeset(0): 	00004131940010000009010a20200031
[    29.191] (II) modeset(0): Printing probed modes for output eDP-1
[    29.191] (II) modeset(0): Modeline "1366x768"x60.0   76.42  1366 1434 1479 1592  768 772 779 800 +hsync -vsync (48.0 kHz eP)
[    29.191] (II) modeset(0): Modeline "1366x768"x48.0   59.16  1366 1368 1403 1550  768 772 778 795 +hsync -vsync (38.2 kHz e)
[    29.191] (II) modeset(0): Modeline "1280x720"x120.0  156.12  1280 1376 1512 1744  720 721 724 746 doublescan -hsync +vsync (89.5 kHz d)
[    29.191] (II) modeset(0): Modeline "1280x720"x120.0  120.75  1280 1304 1320 1360  720 721 724 740 doublescan +hsync -vsync (88.8 kHz d)
[    29.191] (II) modeset(0): Modeline "1280x720"x59.9   74.50  1280 1344 1472 1664  720 723 728 748 -hsync +vsync (44.8 kHz d)
[    29.191] (II) modeset(0): Modeline "1280x720"x59.7   63.75  1280 1328 1360 1440  720 723 728 741 +hsync -vsync (44.3 kHz d)
[    29.191] (II) modeset(0): Modeline "1024x768"x120.1  133.47  1024 1100 1212 1400  768 768 770 794 doublescan -hsync +vsync (95.3 kHz d)
[    29.191] (II) modeset(0): Modeline "1024x768"x60.0   65.00  1024 1048 1184 1344  768 771 777 806 -hsync -vsync (48.4 kHz d)
[    29.191] (II) modeset(0): Modeline "960x720"x120.0  117.00  960 1024 1128 1300  720 720 722 750 doublescan -hsync +vsync (90.0 kHz d)
[    29.191] (II) modeset(0): Modeline "928x696"x120.1  109.15  928 976 1088 1264  696 696 698 719 doublescan -hsync +vsync (86.4 kHz d)
[    29.191] (II) modeset(0): Modeline "896x672"x120.0  102.40  896 960 1060 1224  672 672 674 697 doublescan -hsync +vsync (83.7 kHz d)
[    29.191] (II) modeset(0): Modeline "1024x576"x119.9   98.50  1024 1092 1200 1376  576 577 580 597 doublescan -hsync +vsync (71.6 kHz d)
[    29.191] (II) modeset(0): Modeline "1024x576"x119.9   78.38  1024 1048 1064 1104  576 577 580 592 doublescan +hsync -vsync (71.0 kHz d)
[    29.191] (II) modeset(0): Modeline "1024x576"x59.9   46.50  1024 1064 1160 1296  576 579 584 599 -hsync +vsync (35.9 kHz d)
[    29.191] (II) modeset(0): Modeline "1024x576"x59.8   42.00  1024 1072 1104 1184  576 579 584 593 +hsync -vsync (35.5 kHz d)
[    29.191] (II) modeset(0): Modeline "960x600"x119.9   96.62  960 1028 1128 1296  600 601 604 622 doublescan -hsync +vsync (74.6 kHz d)
[    29.191] (II) modeset(0): Modeline "960x600"x120.0   77.00  960 984 1000 1040  600 601 604 617 doublescan +hsync -vsync (74.0 kHz d)
[    29.191] (II) modeset(0): Modeline "960x540"x119.9   86.50  960 1024 1124 1288  540 541 544 560 doublescan -hsync +vsync (67.2 kHz d)
[    29.191] (II) modeset(0): Modeline "960x540"x120.0   69.25  960 984 1000 1040  540 541 544 555 doublescan +hsync -vsync (66.6 kHz d)
[    29.191] (II) modeset(0): Modeline "960x540"x59.6   40.75  960 992 1088 1216  540 543 548 562 -hsync +vsync (33.5 kHz d)
[    29.191] (II) modeset(0): Modeline "960x540"x59.8   37.25  960 1008 1040 1120  540 543 548 556 +hsync -vsync (33.3 kHz d)
[    29.191] (II) modeset(0): Modeline "800x600"x120.0   81.00  800 832 928 1080  600 600 602 625 doublescan +hsync +vsync (75.0 kHz d)
[    29.191] (II) modeset(0): Modeline "800x600"x60.3   40.00  800 840 968 1056  600 601 605 628 +hsync +vsync (37.9 kHz d)
[    29.191] (II) modeset(0): Modeline "800x600"x56.2   36.00  800 824 896 1024  600 601 603 625 +hsync +vsync (35.2 kHz d)
[    29.191] (II) modeset(0): Modeline "840x525"x120.0   73.12  840 892 980 1120  525 526 529 544 doublescan -hsync +vsync (65.3 kHz d)
[    29.191] (II) modeset(0): Modeline "840x525"x119.8   59.50  840 864 880 920  525 526 529 540 doublescan +hsync -vsync (64.7 kHz d)
[    29.191] (II) modeset(0): Modeline "864x486"x59.9   32.50  864 888 968 1072  486 489 494 506 -hsync +vsync (30.3 kHz d)
[    29.191] (II) modeset(0): Modeline "864x486"x59.6   30.50  864 912 944 1024  486 489 494 500 +hsync -vsync (29.8 kHz d)
[    29.191] (II) modeset(0): Modeline "700x525"x120.0   61.00  700 744 820 940  525 526 532 541 doublescan +hsync +vsync (64.9 kHz d)
[    29.191] (II) modeset(0): Modeline "800x450"x119.9   59.12  800 848 928 1056  450 451 454 467 doublescan -hsync +vsync (56.0 kHz d)
[    29.191] (II) modeset(0): Modeline "800x450"x119.6   48.75  800 824 840 880  450 451 454 463 doublescan +hsync -vsync (55.4 kHz d)
[    29.191] (II) modeset(0): Modeline "640x512"x120.0   54.00  640 664 720 844  512 512 514 533 doublescan +hsync +vsync (64.0 kHz d)
[    29.191] (II) modeset(0): Modeline "700x450"x119.9   51.75  700 740 812 924  450 451 456 467 doublescan -hsync +vsync (56.0 kHz d)
[    29.191] (II) modeset(0): Modeline "700x450"x119.8   43.25  700 724 740 780  450 451 456 463 doublescan +hsync -vsync (55.4 kHz d)
[    29.191] (II) modeset(0): Modeline "640x480"x120.0   54.00  640 688 744 900  480 480 482 500 doublescan +hsync +vsync (60.0 kHz d)
[    29.191] (II) modeset(0): Modeline "640x480"x59.9   25.18  640 656 752 800  480 490 492 525 -hsync -vsync (31.5 kHz d)
[    29.191] (II) modeset(0): Modeline "720x405"x59.5   22.50  720 744 808 896  405 408 413 422 -hsync +vsync (25.1 kHz d)
[    29.191] (II) modeset(0): Modeline "720x405"x59.0   21.75  720 768 800 880  405 408 413 419 +hsync -vsync (24.7 kHz d)
[    29.191] (II) modeset(0): Modeline "684x384"x119.8   42.62  684 720 788 892  384 385 390 399 doublescan -hsync +vsync (47.8 kHz d)
[    29.191] (II) modeset(0): Modeline "684x384"x119.7   36.12  684 708 724 764  384 385 390 395 doublescan +hsync -vsync (47.3 kHz d)
[    29.191] (II) modeset(0): Modeline "640x400"x119.8   41.75  640 676 740 840  400 401 404 415 doublescan -hsync +vsync (49.7 kHz d)
[    29.191] (II) modeset(0): Modeline "640x400"x120.0   35.50  640 664 680 720  400 401 404 411 doublescan +hsync -vsync (49.3 kHz d)
[    29.191] (II) modeset(0): Modeline "640x360"x119.7   37.25  640 672 736 832  360 361 364 374 doublescan -hsync +vsync (44.8 kHz d)
[    29.191] (II) modeset(0): Modeline "640x360"x119.7   31.88  640 664 680 720  360 361 364 370 doublescan +hsync -vsync (44.3 kHz d)
[    29.191] (II) modeset(0): Modeline "640x360"x59.8   18.00  640 664 720 800  360 363 368 376 -hsync +vsync (22.5 kHz d)
[    29.191] (II) modeset(0): Modeline "640x360"x59.3   17.75  640 688 720 800  360 363 368 374 +hsync -vsync (22.2 kHz d)
[    29.191] (II) modeset(0): Modeline "512x384"x120.0   32.50  512 524 592 672  384 385 388 403 doublescan -hsync -vsync (48.4 kHz d)
[    29.191] (II) modeset(0): Modeline "512x288"x120.0   23.25  512 532 580 648  288 289 292 299 doublescan -hsync +vsync (35.9 kHz d)
[    29.191] (II) modeset(0): Modeline "512x288"x119.8   21.00  512 536 552 592  288 289 292 296 doublescan +hsync -vsync (35.5 kHz d)
[    29.191] (II) modeset(0): Modeline "480x270"x119.3   20.38  480 496 544 608  270 271 274 281 doublescan -hsync +vsync (33.5 kHz d)
[    29.191] (II) modeset(0): Modeline "480x270"x119.6   18.62  480 504 520 560  270 271 274 278 doublescan +hsync -vsync (33.3 kHz d)
[    29.191] (II) modeset(0): Modeline "400x300"x120.6   20.00  400 420 484 528  300 300 302 314 doublescan +hsync +vsync (37.9 kHz d)
[    29.191] (II) modeset(0): Modeline "400x300"x112.7   18.00  400 412 448 512  300 300 301 312 doublescan +hsync +vsync (35.2 kHz d)
[    29.191] (II) modeset(0): Modeline "432x243"x119.8   16.25  432 444 484 536  243 244 247 253 doublescan -hsync +vsync (30.3 kHz d)
[    29.191] (II) modeset(0): Modeline "432x243"x119.1   15.25  432 456 472 512  243 244 247 250 doublescan +hsync -vsync (29.8 kHz d)
[    29.191] (II) modeset(0): Modeline "320x240"x120.1   12.59  320 328 376 400  240 245 246 262 doublescan -hsync -vsync (31.5 kHz d)
[    29.191] (II) modeset(0): Modeline "360x202"x119.0   11.25  360 372 404 448  202 204 206 211 doublescan -hsync +vsync (25.1 kHz d)
[    29.191] (II) modeset(0): Modeline "360x202"x118.3   10.88  360 384 400 440  202 204 206 209 doublescan +hsync -vsync (24.7 kHz d)
[    29.191] (II) modeset(0): Modeline "320x180"x119.7    9.00  320 332 360 400  180 181 184 188 doublescan -hsync +vsync (22.5 kHz d)
[    29.191] (II) modeset(0): Modeline "320x180"x118.6    8.88  320 344 360 400  180 181 184 187 doublescan +hsync -vsync (22.2 kHz d)
[    29.196] (II) modeset(0): EDID for output HDMI-1
[    29.196] (II) modeset(0): EDID for output DP-1
[    29.201] (II) modeset(0): EDID for output HDMI-2
[    29.201] (II) modeset(0): Output eDP-1 connected
[    29.201] (II) modeset(0): Output HDMI-1 disconnected
[    29.201] (II) modeset(0): Output DP-1 disconnected
[    29.201] (II) modeset(0): Output HDMI-2 disconnected
[    29.201] (II) modeset(0): Using exact sizes for initial modes
[    29.201] (II) modeset(0): Output eDP-1 using initial mode 1366x768 +0+0
[    29.201] (==) modeset(0): Using gamma correction (1.0, 1.0, 1.0)
[    29.201] (==) modeset(0): DPI set to (96, 96)
[    29.201] (II) Loading sub module "fb"
[    29.201] (II) LoadModule: "fb"
[    29.201] (II) Loading /usr/lib/xorg/modules/libfb.so
[    29.203] (II) Module fb: vendor="X.Org Foundation"
[    29.203] 	compiled for 1.20.3, module version = 1.0.0
[    29.203] 	ABI class: X.Org ANSI C Emulation, version 0.4
[    29.203] (II) UnloadModule: "vesa"
[    29.203] (II) Unloading vesa
[    29.221] (==) modeset(0): Backing store enabled
[    29.221] (==) modeset(0): Silken mouse disabled
[    29.272] (II) modeset(0): Initializing kms color map for depth 24, 8 bpc.
[    29.272] (==) modeset(0): DPMS enabled
[    29.273] (II) modeset(0): [DRI2] Setup complete
[    29.273] (II) modeset(0): [DRI2]   DRI driver: i965
[    29.273] (II) modeset(0): [DRI2]   VDPAU driver: i965
[    29.273] (II) Initializing extension Generic Event Extension
[    29.273] (II) Initializing extension SHAPE
[    29.273] (II) Initializing extension MIT-SHM
[    29.273] (II) Initializing extension XInputExtension
[    29.273] (II) Initializing extension XTEST
[    29.273] (II) Initializing extension BIG-REQUESTS
[    29.273] (II) Initializing extension SYNC
[    29.273] (II) Initializing extension XKEYBOARD
[    29.273] (II) Initializing extension XC-MISC
[    29.273] (II) Initializing extension SECURITY
[    29.273] (II) Initializing extension XFIXES
[    29.273] (II) Initializing extension RENDER
[    29.273] (II) Initializing extension RANDR
[    29.273] (II) Initializing extension COMPOSITE
[    29.273] (II) Initializing extension DAMAGE
[    29.273] (II) Initializing extension MIT-SCREEN-SAVER
[    29.273] (II) Initializing extension DOUBLE-BUFFER
[    29.273] (II) Initializing extension RECORD
[    29.273] (II) Initializing extension DPMS
[    29.273] (II) Initializing extension Present
[    29.273] (II) Initializing extension DRI3
[    29.273] (II) Initializing extension X-Resource
[    29.273] (II) Initializing extension XVideo
[    29.273] (II) Initializing extension XVideo-MotionCompensation
[    29.273] (II) Initializing extension GLX
[    29.284] (II) AIGLX: Loaded and initialized i965
[    29.284] (II) GLX: Initialized DRI2 GL provider for screen 0
[    29.284] (II) Initializing extension XFree86-VidModeExtension
[    29.284] (II) Initializing extension XFree86-DGA
[    29.284] (II) Initializing extension XFree86-DRI
[    29.284] (II) Initializing extension DRI2
[    29.303] (II) modeset(0): Damage tracking initialized
[    29.303] (II) modeset(0): Setting screen physical size to 361 x 203
[    29.394] (II) config/udev: Adding input device Power Button (/dev/input/event3)
[    29.394] (**) Power Button: Applying InputClass "libinput keyboard catchall"
[    29.394] (**) Power Button: Applying InputClass "system-keyboard"
[    29.394] (II) LoadModule: "libinput"
[    29.394] (II) Loading /usr/lib/xorg/modules/input/libinput_drv.so
[    29.400] (II) Module libinput: vendor="X.Org Foundation"
[    29.400] 	compiled for 1.20.1, module version = 0.28.1
[    29.400] 	Module class: X.Org XInput Driver
[    29.400] 	ABI class: X.Org XInput driver, version 24.1
[    29.400] (II) Using input driver 'libinput' for 'Power Button'
[    29.400] (II) systemd-logind: got fd for /dev/input/event3 13:67 fd 14 paused 0
[    29.400] (**) Power Button: always reports core events
[    29.400] (**) Option "Device" "/dev/input/event3"
[    29.400] (**) Option "_source" "server/udev"
[    29.406] (II) event3  - Power Button: is tagged by udev as: Keyboard
[    29.406] (II) event3  - Power Button: device is a keyboard
[    29.406] (II) event3  - Power Button: device removed
[    29.406] (**) Option "config_info" "udev:/sys/devices/LNXSYSTM:00/LNXPWRBN:00/input/input3/event3"
[    29.406] (II) XINPUT: Adding extended input device "Power Button" (type: KEYBOARD, id 6)
[    29.406] (**) Option "xkb_layout" "br"
[    29.421] (II) event3  - Power Button: is tagged by udev as: Keyboard
[    29.421] (II) event3  - Power Button: device is a keyboard
[    29.421] (II) config/udev: Adding input device Video Bus (/dev/input/event11)
[    29.421] (**) Video Bus: Applying InputClass "libinput keyboard catchall"
[    29.421] (**) Video Bus: Applying InputClass "system-keyboard"
[    29.421] (II) Using input driver 'libinput' for 'Video Bus'
[    29.422] (II) systemd-logind: got fd for /dev/input/event11 13:75 fd 17 paused 0
[    29.422] (**) Video Bus: always reports core events
[    29.422] (**) Option "Device" "/dev/input/event11"
[    29.422] (**) Option "_source" "server/udev"
[    29.422] (II) event11 - Video Bus: is tagged by udev as: Keyboard
[    29.422] (II) event11 - Video Bus: device is a keyboard
[    29.422] (II) event11 - Video Bus: device removed
[    29.422] (**) Option "config_info" "udev:/sys/devices/LNXSYSTM:00/LNXSYBUS:00/PNP0A08:00/LNXVIDEO:00/input/input12/event11"
[    29.422] (II) XINPUT: Adding extended input device "Video Bus" (type: KEYBOARD, id 7)
[    29.422] (**) Option "xkb_layout" "br"
[    29.423] (II) event11 - Video Bus: is tagged by udev as: Keyboard
[    29.423] (II) event11 - Video Bus: device is a keyboard
[    29.423] (II) config/udev: Adding input device Power Button (/dev/input/event1)
[    29.423] (**) Power Button: Applying InputClass "libinput keyboard catchall"
[    29.423] (**) Power Button: Applying InputClass "system-keyboard"
[    29.423] (II) Using input driver 'libinput' for 'Power Button'
[    29.424] (II) systemd-logind: got fd for /dev/input/event1 13:65 fd 18 paused 0
[    29.424] (**) Power Button: always reports core events
[    29.424] (**) Option "Device" "/dev/input/event1"
[    29.424] (**) Option "_source" "server/udev"
[    29.424] (II) event1  - Power Button: is tagged by udev as: Keyboard
[    29.424] (II) event1  - Power Button: device is a keyboard
[    29.424] (II) event1  - Power Button: device removed
[    29.424] (**) Option "config_info" "udev:/sys/devices/LNXSYSTM:00/LNXSYBUS:00/PNP0C0C:00/input/input1/event1"
[    29.424] (II) XINPUT: Adding extended input device "Power Button" (type: KEYBOARD, id 8)
[    29.424] (**) Option "xkb_layout" "br"
[    29.425] (II) event1  - Power Button: is tagged by udev as: Keyboard
[    29.425] (II) event1  - Power Button: device is a keyboard
[    29.425] (II) config/udev: Adding input device Lid Switch (/dev/input/event0)
[    29.425] (II) No input driver specified, ignoring this device.
[    29.425] (II) This device may have been added with another device file.
[    29.425] (II) config/udev: Adding input device Sleep Button (/dev/input/event2)
[    29.425] (**) Sleep Button: Applying InputClass "libinput keyboard catchall"
[    29.425] (**) Sleep Button: Applying InputClass "system-keyboard"
[    29.425] (II) Using input driver 'libinput' for 'Sleep Button'
[    29.426] (II) systemd-logind: got fd for /dev/input/event2 13:66 fd 19 paused 0
[    29.426] (**) Sleep Button: always reports core events
[    29.426] (**) Option "Device" "/dev/input/event2"
[    29.426] (**) Option "_source" "server/udev"
[    29.426] (II) event2  - Sleep Button: is tagged by udev as: Keyboard
[    29.427] (II) event2  - Sleep Button: device is a keyboard
[    29.427] (II) event2  - Sleep Button: device removed
[    29.427] (**) Option "config_info" "udev:/sys/devices/LNXSYSTM:00/LNXSYBUS:00/PNP0C0E:00/input/input2/event2"
[    29.427] (II) XINPUT: Adding extended input device "Sleep Button" (type: KEYBOARD, id 9)
[    29.427] (**) Option "xkb_layout" "br"
[    29.427] (II) event2  - Sleep Button: is tagged by udev as: Keyboard
[    29.427] (II) event2  - Sleep Button: device is a keyboard
[    29.428] (II) config/udev: Adding input device Integrated_Webcam_HD: Integrate (/dev/input/event8)
[    29.428] (**) Integrated_Webcam_HD: Integrate: Applying InputClass "libinput keyboard catchall"
[    29.428] (**) Integrated_Webcam_HD: Integrate: Applying InputClass "system-keyboard"
[    29.428] (II) Using input driver 'libinput' for 'Integrated_Webcam_HD: Integrate'
[    29.428] (II) systemd-logind: got fd for /dev/input/event8 13:72 fd 20 paused 0
[    29.428] (**) Integrated_Webcam_HD: Integrate: always reports core events
[    29.428] (**) Option "Device" "/dev/input/event8"
[    29.428] (**) Option "_source" "server/udev"
[    29.429] (II) event8  - Integrated_Webcam_HD: Integrate: is tagged by udev as: Keyboard
[    29.429] (II) event8  - Integrated_Webcam_HD: Integrate: device is a keyboard
[    29.429] (II) event8  - Integrated_Webcam_HD: Integrate: device removed
[    29.429] (**) Option "config_info" "udev:/sys/devices/pci0000:00/0000:00:14.0/usb1/1-2/1-2:1.0/input/input10/event8"
[    29.429] (II) XINPUT: Adding extended input device "Integrated_Webcam_HD: Integrate" (type: KEYBOARD, id 10)
[    29.429] (**) Option "xkb_layout" "br"
[    29.430] (II) event8  - Integrated_Webcam_HD: Integrate: is tagged by udev as: Keyboard
[    29.430] (II) event8  - Integrated_Webcam_HD: Integrate: device is a keyboard
[    29.430] (II) config/udev: Adding input device HDA Digital PCBeep (/dev/input/event12)
[    29.430] (II) No input driver specified, ignoring this device.
[    29.430] (II) This device may have been added with another device file.
[    29.430] (II) config/udev: Adding input device HDA Intel PCH Headphone Mic (/dev/input/event13)
[    29.430] (II) No input driver specified, ignoring this device.
[    29.430] (II) This device may have been added with another device file.
[    29.431] (II) config/udev: Adding input device HDA Intel PCH Dock Mic (/dev/input/event14)
[    29.431] (II) No input driver specified, ignoring this device.
[    29.431] (II) This device may have been added with another device file.
[    29.431] (II) config/udev: Adding input device HDA Intel PCH Dock Line Out (/dev/input/event15)
[    29.431] (II) No input driver specified, ignoring this device.
[    29.431] (II) This device may have been added with another device file.
[    29.431] (II) config/udev: Adding input device HDA Intel PCH HDMI/DP,pcm=3 (/dev/input/event16)
[    29.431] (II) No input driver specified, ignoring this device.
[    29.431] (II) This device may have been added with another device file.
[    29.431] (II) config/udev: Adding input device HDA Intel PCH HDMI/DP,pcm=7 (/dev/input/event17)
[    29.431] (II) No input driver specified, ignoring this device.
[    29.431] (II) This device may have been added with another device file.
[    29.431] (II) config/udev: Adding input device HDA Intel PCH HDMI/DP,pcm=8 (/dev/input/event18)
[    29.431] (II) No input driver specified, ignoring this device.
[    29.431] (II) This device may have been added with another device file.
[    29.432] (II) config/udev: Adding input device HDA Intel PCH HDMI/DP,pcm=9 (/dev/input/event19)
[    29.432] (II) No input driver specified, ignoring this device.
[    29.432] (II) This device may have been added with another device file.
[    29.432] (II) config/udev: Adding input device HDA Intel PCH HDMI/DP,pcm=10 (/dev/input/event20)
[    29.432] (II) No input driver specified, ignoring this device.
[    29.432] (II) This device may have been added with another device file.
[    29.432] (II) config/udev: Adding input device Dell WMI hotkeys (/dev/input/event7)
[    29.432] (**) Dell WMI hotkeys: Applying InputClass "libinput keyboard catchall"
[    29.432] (**) Dell WMI hotkeys: Applying InputClass "system-keyboard"
[    29.432] (II) Using input driver 'libinput' for 'Dell WMI hotkeys'
[    29.433] (II) systemd-logind: got fd for /dev/input/event7 13:71 fd 21 paused 0
[    29.433] (**) Dell WMI hotkeys: always reports core events
[    29.433] (**) Option "Device" "/dev/input/event7"
[    29.433] (**) Option "_source" "server/udev"
[    29.434] (II) event7  - Dell WMI hotkeys: is tagged by udev as: Keyboard
[    29.434] (II) event7  - Dell WMI hotkeys: device is a keyboard
[    29.434] (II) event7  - Dell WMI hotkeys: device removed
[    29.434] (**) Option "config_info" "udev:/sys/devices/platform/PNP0C14:00/wmi_bus/wmi_bus-PNP0C14:00/9DBB5994-A997-11DA-B012-B622A1EF5492/input/input9/event7"
[    29.434] (II) XINPUT: Adding extended input device "Dell WMI hotkeys" (type: KEYBOARD, id 11)
[    29.434] (**) Option "xkb_layout" "br"
[    29.434] (II) event7  - Dell WMI hotkeys: is tagged by udev as: Keyboard
[    29.434] (II) event7  - Dell WMI hotkeys: device is a keyboard
[    29.435] (II) config/udev: Adding input device AT Translated Set 2 keyboard (/dev/input/event4)
[    29.435] (**) AT Translated Set 2 keyboard: Applying InputClass "libinput keyboard catchall"
[    29.435] (**) AT Translated Set 2 keyboard: Applying InputClass "system-keyboard"
[    29.435] (II) Using input driver 'libinput' for 'AT Translated Set 2 keyboard'
[    29.435] (II) systemd-logind: got fd for /dev/input/event4 13:68 fd 22 paused 0
[    29.435] (**) AT Translated Set 2 keyboard: always reports core events
[    29.435] (**) Option "Device" "/dev/input/event4"
[    29.435] (**) Option "_source" "server/udev"
[    29.436] (II) event4  - AT Translated Set 2 keyboard: is tagged by udev as: Keyboard
[    29.436] (II) event4  - AT Translated Set 2 keyboard: device is a keyboard
[    29.436] (II) event4  - AT Translated Set 2 keyboard: device removed
[    29.436] (**) Option "config_info" "udev:/sys/devices/platform/i8042/serio0/input/input4/event4"
[    29.436] (II) XINPUT: Adding extended input device "AT Translated Set 2 keyboard" (type: KEYBOARD, id 12)
[    29.436] (**) Option "xkb_layout" "br"
[    29.437] (II) event4  - AT Translated Set 2 keyboard: is tagged by udev as: Keyboard
[    29.437] (II) event4  - AT Translated Set 2 keyboard: device is a keyboard
[    29.438] (II) config/udev: Adding input device AlpsPS/2 ALPS DualPoint Stick (/dev/input/event9)
[    29.438] (**) AlpsPS/2 ALPS DualPoint Stick: Applying InputClass "libinput pointer catchall"
[    29.438] (II) Using input driver 'libinput' for 'AlpsPS/2 ALPS DualPoint Stick'
[    29.438] (II) systemd-logind: got fd for /dev/input/event9 13:73 fd 23 paused 0
[    29.438] (**) AlpsPS/2 ALPS DualPoint Stick: always reports core events
[    29.438] (**) Option "Device" "/dev/input/event9"
[    29.438] (**) Option "_source" "server/udev"
[    29.439] (II) event9  - AlpsPS/2 ALPS DualPoint Stick: is tagged by udev as: Mouse Pointingstick
[    29.439] (II) event9  - AlpsPS/2 ALPS DualPoint Stick: trackpoint multiplier is 0.12
[    29.439] (II) event9  - AlpsPS/2 ALPS DualPoint Stick: device is a pointer
[    29.440] (II) event9  - AlpsPS/2 ALPS DualPoint Stick: device removed
[    29.440] (**) Option "config_info" "udev:/sys/devices/platform/i8042/serio1/input/input11/event9"
[    29.440] (II) XINPUT: Adding extended input device "AlpsPS/2 ALPS DualPoint Stick" (type: MOUSE, id 13)
[    29.440] (**) Option "AccelerationScheme" "none"
[    29.440] (**) AlpsPS/2 ALPS DualPoint Stick: (accel) selected scheme none/0
[    29.440] (**) AlpsPS/2 ALPS DualPoint Stick: (accel) acceleration factor: 2.000
[    29.440] (**) AlpsPS/2 ALPS DualPoint Stick: (accel) acceleration threshold: 4
[    29.441] (II) event9  - AlpsPS/2 ALPS DualPoint Stick: is tagged by udev as: Mouse Pointingstick
[    29.441] (II) event9  - AlpsPS/2 ALPS DualPoint Stick: trackpoint multiplier is 0.12
[    29.441] (II) event9  - AlpsPS/2 ALPS DualPoint Stick: device is a pointer
[    29.441] (II) config/udev: Adding input device AlpsPS/2 ALPS DualPoint Stick (/dev/input/mouse0)
[    29.441] (II) No input driver specified, ignoring this device.
[    29.441] (II) This device may have been added with another device file.
[    29.442] (II) config/udev: Adding input device AlpsPS/2 ALPS DualPoint TouchPad (/dev/input/event10)
[    29.442] (**) AlpsPS/2 ALPS DualPoint TouchPad: Applying InputClass "libinput touchpad catchall"
[    29.442] (**) AlpsPS/2 ALPS DualPoint TouchPad: Applying InputClass "touchpad"
[    29.442] (II) Using input driver 'libinput' for 'AlpsPS/2 ALPS DualPoint TouchPad'
[    29.442] (II) systemd-logind: got fd for /dev/input/event10 13:74 fd 24 paused 0
[    29.442] (**) AlpsPS/2 ALPS DualPoint TouchPad: always reports core events
[    29.442] (**) Option "Device" "/dev/input/event10"
[    29.442] (**) Option "_source" "server/udev"
[    29.443] (II) event10 - AlpsPS/2 ALPS DualPoint TouchPad: is tagged by udev as: Touchpad
[    29.443] (II) event10 - AlpsPS/2 ALPS DualPoint TouchPad: device is a touchpad
[    29.443] (II) event10 - AlpsPS/2 ALPS DualPoint TouchPad: device removed
[    29.443] (**) Option "Tapping" "on"
[    29.443] (**) Option "TappingButtonMap" "lrm"
[    29.443] (**) Option "NaturalScrolling" "true"
[    29.443] (**) Option "config_info" "udev:/sys/devices/platform/i8042/serio1/input/input8/event10"
[    29.443] (II) XINPUT: Adding extended input device "AlpsPS/2 ALPS DualPoint TouchPad" (type: TOUCHPAD, id 14)
[    29.444] (**) Option "AccelerationScheme" "none"
[    29.444] (**) AlpsPS/2 ALPS DualPoint TouchPad: (accel) selected scheme none/0
[    29.444] (**) AlpsPS/2 ALPS DualPoint TouchPad: (accel) acceleration factor: 2.000
[    29.444] (**) AlpsPS/2 ALPS DualPoint TouchPad: (accel) acceleration threshold: 4
[    29.444] (II) event10 - AlpsPS/2 ALPS DualPoint TouchPad: is tagged by udev as: Touchpad
[    29.445] (II) event10 - AlpsPS/2 ALPS DualPoint TouchPad: device is a touchpad
[    29.445] (II) config/udev: Adding input device AlpsPS/2 ALPS DualPoint TouchPad (/dev/input/mouse1)
[    29.445] (**) AlpsPS/2 ALPS DualPoint TouchPad: Applying InputClass "touchpad"
[    29.445] (II) Using input driver 'libinput' for 'AlpsPS/2 ALPS DualPoint TouchPad'
[    29.445] (**) AlpsPS/2 ALPS DualPoint TouchPad: always reports core events
[    29.445] (**) Option "Device" "/dev/input/mouse1"
[    29.445] (**) Option "_source" "server/udev"
[    29.445] (EE) xf86OpenSerial: Cannot open device /dev/input/mouse1
	Permission denied.
[    29.445] (II) mouse1: opening input device '/dev/input/mouse1' failed (Permission denied).
[    29.445] (II) mouse1  - failed to create input device '/dev/input/mouse1'.
[    29.445] (EE) libinput: AlpsPS/2 ALPS DualPoint TouchPad: Failed to create a device for /dev/input/mouse1
[    29.445] (EE) PreInit returned 2 for "AlpsPS/2 ALPS DualPoint TouchPad"
[    29.445] (II) UnloadModule: "libinput"
[    29.446] (II) config/udev: Adding input device PC Speaker (/dev/input/event6)
[    29.446] (II) No input driver specified, ignoring this device.
[    29.446] (II) This device may have been added with another device file.
[    29.446] (II) config/udev: Adding input device DELL Wireless hotkeys (/dev/input/event5)
[    29.446] (**) DELL Wireless hotkeys: Applying InputClass "libinput keyboard catchall"
[    29.446] (**) DELL Wireless hotkeys: Applying InputClass "system-keyboard"
[    29.446] (II) Using input driver 'libinput' for 'DELL Wireless hotkeys'
[    29.447] (II) systemd-logind: got fd for /dev/input/event5 13:69 fd 25 paused 0
[    29.447] (**) DELL Wireless hotkeys: always reports core events
[    29.447] (**) Option "Device" "/dev/input/event5"
[    29.447] (**) Option "_source" "server/udev"
[    29.447] (II) event5  - DELL Wireless hotkeys: is tagged by udev as: Keyboard
[    29.447] (II) event5  - DELL Wireless hotkeys: device is a keyboard
[    29.447] (II) event5  - DELL Wireless hotkeys: device removed
[    29.447] (**) Option "config_info" "udev:/sys/devices/virtual/input/input6/event5"
[    29.447] (II) XINPUT: Adding extended input device "DELL Wireless hotkeys" (type: KEYBOARD, id 15)
[    29.447] (**) Option "xkb_layout" "br"
[    29.447] (II) event5  - DELL Wireless hotkeys: is tagged by udev as: Keyboard
[    29.447] (II) event5  - DELL Wireless hotkeys: device is a keyboard
[    29.895] (II) modeset(0): EDID vendor "CMN", prod id 5264
[    29.895] (II) modeset(0): Printing DDC gathered Modelines:
[    29.895] (II) modeset(0): Modeline "1366x768"x0.0   76.42  1366 1434 1479 1592  768 772 779 800 +hsync -vsync (48.0 kHz eP)
[    29.895] (II) modeset(0): Modeline "1366x768"x0.0   59.16  1366 1368 1403 1550  768 772 778 795 +hsync -vsync (38.2 kHz e)
